(0000) 3000  0011000000000000 (   1)                 .ORIG x3000
(3000) 2054  0010000001010100 (   8)                 LD    R0 POINTER
(3001) 103F  0001000000111111 (   9)                 ADD   R0 R0 #-1
(3002) 1022  0001000000100010 (  11) CYCLE           ADD   R0 R0 #2
(3003) 6E3F  0110111000111111 (  13)                 LDR   R7 R0 #-1
(3004) 0417  0000010000010111 (  15)                 BRZ   SEARCH
(3005) 2A4F  0010101001001111 (  17)                 LD    R5 POINTER
(3006) 663F  0110011000111111 (  19)                 LDR   R3 R0 #-1
(3007) 6200  0110001000000000 (  20)                 LDR   R1 R0 #0
(3008) 927F  1001001001111111 (  22)                 NOT   R1 R1
(3009) 1261  0001001001100001 (  23)                 ADD   R1 R1 #1
(300A) 6940  0110100101000000 (  25) CHECK           LDR   R4 R5 #0
(300B) 6541  0110010101000001 (  26)                 LDR   R2 R5 #1
(300C) 1B62  0001101101100010 (  28)                 ADD   R5 R5 #2
(300D) 1E42  0001111001000010 (  30)                 ADD   R7 R1 R2
(300E) 0802  0000100000000010 (  31)                 BRN   PLACE
(300F) 03FA  0000001111111010 (  32)                 BRP   CHECK
(3010) 05F1  0000010111110001 (  33)                 BRZ   CYCLE
(3011) 927F  1001001001111111 (  35) PLACE           NOT   R1 R1
(3012) 1261  0001001001100001 (  36)                 ADD   R1 R1 #1
(3013) 763F  0111011000111111 (  38) SHIFT           STR   R3 R0 #-1
(3014) 7200  0111001000000000 (  39)                 STR   R1 R0 #0
(3015) 12A0  0001001010100000 (  41)                 ADD   R1 R2 #0
(3016) 1720  0001011100100000 (  42)                 ADD   R3 R4 #0
(3017) 1022  0001000000100010 (  44)                 ADD   R0 R0 #2
(3018) 683F  0110100000111111 (  46)                 LDR   R4 R0 #-1
(3019) 6400  0110010000000000 (  47)                 LDR   R2 R0 #0
(301A) 05E7  0000010111100111 (  48)                 BRZ   CYCLE
(301B) 03F7  0000001111110111 (  50)                 BRP   SHIFT
(301C) 2039  0010000000111001 (  53) SEARCH          LD    R0 TABLE
(301D) 2239  0010001000111001 (  54)                 LD    R1 FIRST
(301E) 2439  0010010000111001 (  55)                 LD    R2 SECOND
(301F) 2639  0010011000111001 (  56)                 LD    R3 THIRD
(3020) 2839  0010100000111001 (  57)                 LD    R4 FOURTH
(3021) 5B60  0101101101100000 (  58)                 AND   R5 R5 #0
(3022) 7200  0111001000000000 (  60)                 STR   R1 R0 #0
(3023) 7402  0111010000000010 (  61)                 STR   R2 R0 #2
(3024) 7604  0111011000000100 (  62)                 STR   R3 R0 #4
(3025) 7806  0111100000000110 (  63)                 STR   R4 R0 #6
(3026) 7A08  0111101000001000 (  64)                 STR   R5 R0 #8
(3027) 2E2D  0010111000101101 (  66)                 LD    R7 POINTER
(3028) 1FE1  0001111111100001 (  67)                 ADD   R7 R7 #1
(3029) 5260  0101001001100000 (  68)                 AND   R1 R1 #0
(302A) 94BF  1001010010111111 (  69)                 NOT   R2 R2
(302B) 14A1  0001010010100001 (  70)                 ADD   R2 R2 #1
(302C) 6BFF  0110101111111111 (  72) LOOP1           LDR   R5 R7 #-1
(302D) 0406  0000010000000110 (  73)                 BRZ   END1
(302E) 6BC0  0110101111000000 (  74)                 LDR   R5 R7 #0
(302F) 1C85  0001110010000101 (  75)                 ADD   R6 R2 R5
(3030) 0603  0000011000000011 (  77)                 BRZP  END1
(3031) 1261  0001001001100001 (  79)                 ADD   R1 R1 #1
(3032) 1FE2  0001111111100010 (  80)                 ADD   R7 R7 #2
(3033) 0FF8  0000111111111000 (  82)                 BRNZP LOOP1
(3034) 7201  0111001000000001 (  84) END1            STR   R1 R0 #1
(3035) 5260  0101001001100000 (  86)                 AND   R1 R1 #0
(3036) 96FF  1001011011111111 (  87)                 NOT   R3 R3
(3037) 16E1  0001011011100001 (  88)                 ADD   R3 R3 #1
(3038) 6BFF  0110101111111111 (  90) LOOP2           LDR   R5 R7 #-1
(3039) 0406  0000010000000110 (  91)                 BRZ   END2
(303A) 6BC0  0110101111000000 (  92)                 LDR   R5 R7 #0
(303B) 1CC5  0001110011000101 (  93)                 ADD   R6 R3 R5
(303C) 0603  0000011000000011 (  95)                 BRZP  END2
(303D) 1261  0001001001100001 (  97)                 ADD   R1 R1 #1
(303E) 1FE2  0001111111100010 (  98)                 ADD   R7 R7 #2
(303F) 0FF8  0000111111111000 ( 100)                 BRNZP LOOP2
(3040) 7203  0111001000000011 ( 102) END2            STR   R1 R0 #3
(3041) 5260  0101001001100000 ( 104)                 AND   R1 R1 #0
(3042) 993F  1001100100111111 ( 105)                 NOT   R4 R4
(3043) 1921  0001100100100001 ( 106)                 ADD   R4 R4 #1
(3044) 6BFF  0110101111111111 ( 108) LOOP3           LDR   R5 R7 #-1
(3045) 0406  0000010000000110 ( 109)                 BRZ   END3
(3046) 6BC0  0110101111000000 ( 110)                 LDR   R5 R7 #0
(3047) 1D05  0001110100000101 ( 111)                 ADD   R6 R4 R5
(3048) 0603  0000011000000011 ( 113)                 BRZP  END3
(3049) 1261  0001001001100001 ( 115)                 ADD   R1 R1 #1
(304A) 1FE2  0001111111100010 ( 116)                 ADD   R7 R7 #2
(304B) 0FF8  0000111111111000 ( 118)                 BRNZP LOOP3
(304C) 7205  0111001000000101 ( 120) END3            STR   R1 R0 #5
(304D) 5260  0101001001100000 ( 122)                 AND   R1 R1 #0
(304E) 6BFF  0110101111111111 ( 124) LOOP4           LDR   R5 R7 #-1
(304F) 0403  0000010000000011 ( 125)                 BRZ   END4
(3050) 1261  0001001001100001 ( 127)                 ADD   R1 R1 #1
(3051) 1FE2  0001111111100010 ( 128)                 ADD   R7 R7 #2
(3052) 0FFB  0000111111111011 ( 130)                 BRNZP LOOP4
(3053) 7207  0111001000000111 ( 132) END4            STR   R1 R0 #7
(3054) F025  1111000000100101 ( 134) FINISH          TRAP  x25
(3055) 4000  0100000000000000 ( 136) POINTER         .FILL x4000
(3056) 6000  0110000000000000 ( 137) TABLE           .FILL x6000
(3057) 1900  0001100100000000 ( 138) FIRST           .FILL x1900
(3058) 1901  0001100100000001 ( 139) SECOND          .FILL x1901
(3059) 1951  0001100101010001 ( 140) THIRD           .FILL x1951
(305A) 2001  0010000000000001 ( 141) FOURTH          .FILL x2001
